<?xml version="1.0" encoding="UTF-8"?>
<!-- Generated by org.testng.reporters.JUnitReportReporter -->
<testsuite hostname="DESKTOP-EF44SBG" failures="0" tests="2" name="test.ProductDetailsPageTest" time="14.035" errors="0" timestamp="2024-12-07T20:48:35 IST" skipped="0">
  <testcase classname="test.ProductDetailsPageTest" name="verifyProductDetailsAreCorrectIfViewInNewTab" time="6.228"/>
  <system-out/>
  <testcase classname="test.ProductDetailsPageTest" name="verifyByAddingProductToCartUsingProductDetailPage" time="7.807"/>
  <system-out/>
</testsuite> <!-- test.ProductDetailsPageTest -->
