<?xml version="1.0" encoding="UTF-8"?>
<!-- Generated by org.testng.reporters.JUnitReportReporter -->
<testsuite hostname="DESKTOP-EF44SBG" failures="0" tests="1" name="test.SortFilterTest" time="23.040" errors="0" timestamp="2024-12-07T20:48:35 IST" skipped="0">
  <testcase classname="test.SortFilterTest" name="verifySortFeature" time="23.040"/>
  <system-out/>
</testsuite> <!-- test.SortFilterTest -->
