<?xml version="1.0" encoding="UTF-8"?>
<!-- Generated by org.testng.reporters.JUnitReportReporter -->
<testsuite hostname="DESKTOP-EF44SBG" failures="0" tests="4" name="test.CartPageTest" time="79.978" errors="0" timestamp="2024-12-07T20:48:35 IST" skipped="0">
  <testcase classname="test.CartPageTest" name="verifyByAddingMultipleProductsToCart" time="18.377"/>
  <system-out/>
  <testcase classname="test.CartPageTest" name="verifyOnChangingProductQuantityCorrectAmountIsDisplyed" time="11.444"/>
  <system-out/>
  <testcase classname="test.CartPageTest" name="verifyByRemovingProductFromCart" time="29.766"/>
  <system-out/>
  <testcase classname="test.CartPageTest" name="verifyTotalAmountForMultipleProductsInCart" time="20.391"/>
  <system-out/>
</testsuite> <!-- test.CartPageTest -->
