<?xml version="1.0" encoding="UTF-8"?>
<!-- Generated by org.testng.reporters.JUnitReportReporter -->
<testsuite hostname="DESKTOP-EF44SBG" failures="0" tests="3" name="test.HomePageTest" time="16.845" errors="0" timestamp="2024-12-07T20:48:35 IST" skipped="0">
  <testcase classname="test.HomePageTest" name="searchAValidProduct" time="7.153"/>
  <system-out/>
  <testcase classname="test.HomePageTest" name="searchInvalidProduct" time="5.727"/>
  <system-out/>
  <testcase classname="test.HomePageTest" name="verifyShoppingCategoriesDropdownList" time="3.965"/>
  <system-out/>
</testsuite> <!-- test.HomePageTest -->
