<?xml version="1.0" encoding="UTF-8"?>
<!-- Generated by org.testng.reporters.JUnitReportReporter -->
<testsuite hostname="DESKTOP-EF44SBG" failures="0" tests="2" name="test.QuickViewPopupTest" time="11.845" errors="0" timestamp="2024-12-07T20:48:35 IST" skipped="0">
  <testcase classname="test.QuickViewPopupTest" name="verifyIfProdutDetailsAreCorrcetIfViewInQuickView" time="5.851"/>
  <system-out/>
  <testcase classname="test.QuickViewPopupTest" name="verifyByAddingProductToCartUsingQuickView" time="5.994"/>
  <system-out/>
</testsuite> <!-- test.QuickViewPopupTest -->
